0 info it worked if it ends with ok
1 verbose cli [ 'c:\\Program Files (x86)\\nodejs\\node.exe',
1 verbose cli   'c:\\Program Files (x86)\\nodejs\\node_modules\\npm\\bin\\npm-cli.js',
1 verbose cli   'start' ]
2 info using npm@3.9.5
3 info using node@v6.2.2
4 verbose run-script [ 'prestart', 'start', 'poststart' ]
5 info lifecycle clean-blog@3.3.7~prestart: clean-blog@3.3.7
6 silly lifecycle clean-blog@3.3.7~prestart: no script for prestart, continuing
7 info lifecycle clean-blog@3.3.7~start: clean-blog@3.3.7
8 verbose lifecycle clean-blog@3.3.7~start: unsafe-perm in lifecycle true
9 verbose lifecycle clean-blog@3.3.7~start: PATH: C:\Program Files (x86)\nodejs\node_modules\npm\bin\node-gyp-bin;c:\wamp\www\startbootstrap1\node_modules\.bin;c:\Program Files (x86)\nodejs;c:\Users\Goran\bin;.;C:\Program Files (x86)\Git\local\bin;C:\Program Files (x86)\Git\mingw\bin;C:\Program Files (x86)\Git\bin;c:\Python27\;c:\Python27\Scripts;c:\ProgramData\Oracle\Java\javapath;c:\Users\Goran\bin\Sencha\Cmd\5.1.1.39;c:\Users\Goran\bin\Sencha\Cmd\6.0.2.14;c:\Program Files (x86)\Intel\iCLS Client\;c:\Program Files\Intel\iCLS Client\;c:\Windows\system32;c:\Windows;c:\Windows\System32\Wbem;c:\Windows\System32\WindowsPowerShell\v1.0\;c:\Program Files\Intel\Intel(R) Management Engine Components\DAL;c:\Program Files\Intel\Intel(R) Management Engine Components\IPT;c:\Program Files (x86)\Intel\Intel(R) Management Engine Components\DAL;c:\Program Files (x86)\Intel\Intel(R) Management Engine Components\IPT;c:\SWTOOLS\ReadyApps;c:\Program Files (x86)\Common Files\Lenovo;c:\Program Files\TortoiseSVN\bin;c:\Program Files\Java\jre1.8.0_20\bin\server\jvm.dll;c:\Program Files (x86)\OpenVPN\bin;c:\Program Files (x86)\Skype\Phone\;c:\wamp\bin\php\php5.5.12;c:\ProgramData\ComposerSetup\bin;c:\Program Files (x86)\nodejs\;c:\Program Files\PostgreSQL\pg95\bin;c:\Users\Goran\bin\Sencha\Cmd\6.2.0.103;c:\Users\Goran\bin\Sencha\Cmd\6.0.2.14;c:\Users\Goran\bin\Sencha\Cmd\6.2.0.79;c:\Users\Goran\bin\Sencha\Cmd;c:\Users\Goran\bin\Sencha\Cmd\;c:\Users\Goran\bin\Sencha\Cmd\;c:\Ruby21\bin;c:\Program Files (x86)\Java\jdk1.8.0_101;c:\Program Files (x86)\PostgreSQL\9.6\bin;c:\Users\Goran\AppData\Roaming\npm;c:\Users\Goran\AppData\Local\Android\sdk\platform-tools;.;c:\Program Files (x86)\Microsoft VS Code\bin
10 verbose lifecycle clean-blog@3.3.7~start: CWD: c:\wamp\www\startbootstrap1
11 silly lifecycle clean-blog@3.3.7~start: Args: [ '/d /s /c', 'node server.js' ]
12 silly lifecycle clean-blog@3.3.7~start: Returned: code: 1  signal: null
13 info lifecycle clean-blog@3.3.7~start: Failed to exec start script
14 verbose stack Error: clean-blog@3.3.7 start: `node server.js`
14 verbose stack Exit status 1
14 verbose stack     at EventEmitter.<anonymous> (C:\Program Files (x86)\nodejs\node_modules\npm\lib\utils\lifecycle.js:245:16)
14 verbose stack     at emitTwo (events.js:106:13)
14 verbose stack     at EventEmitter.emit (events.js:191:7)
14 verbose stack     at ChildProcess.<anonymous> (C:\Program Files (x86)\nodejs\node_modules\npm\lib\utils\spawn.js:24:14)
14 verbose stack     at emitTwo (events.js:106:13)
14 verbose stack     at ChildProcess.emit (events.js:191:7)
14 verbose stack     at maybeClose (internal/child_process.js:852:16)
14 verbose stack     at Process.ChildProcess._handle.onexit (internal/child_process.js:215:5)
15 verbose pkgid clean-blog@3.3.7
16 verbose cwd c:\wamp\www\startbootstrap1
17 error Windows_NT 6.1.7601
18 error argv "c:\\Program Files (x86)\\nodejs\\node.exe" "c:\\Program Files (x86)\\nodejs\\node_modules\\npm\\bin\\npm-cli.js" "start"
19 error node v6.2.2
20 error npm  v3.9.5
21 error code ELIFECYCLE
22 error clean-blog@3.3.7 start: `node server.js`
22 error Exit status 1
23 error Failed at the clean-blog@3.3.7 start script 'node server.js'.
23 error Make sure you have the latest version of node.js and npm installed.
23 error If you do, this is most likely a problem with the clean-blog package,
23 error not with npm itself.
23 error Tell the author that this fails on your system:
23 error     node server.js
23 error You can get information on how to open an issue for this project with:
23 error     npm bugs clean-blog
23 error Or if that isn't available, you can get their info via:
23 error     npm owner ls clean-blog
23 error There is likely additional logging output above.
24 verbose exit [ 1, true ]
